<?xml version="1.0" encoding="UTF-8"?>
<!-- Generated by org.testng.reporters.JUnitReportReporter -->
<testsuite skipped="0" hostname="Shwetas-MacBook-Pro.local" name="ApiTest" tests="1" failures="0" timestamp="21 Nov 2020 04:37:31 GMT" time="1.622" errors="0">
  <testcase name="testing" time="1.622" classname="ApiTest"/>
</testsuite> <!-- ApiTest -->
